<?xml version="1.0" encoding="UTF-8"?>
<testng-results ignored="0" total="1" passed="1" failed="0" skipped="0">
  <reporter-output>
  </reporter-output>
  <suite started-at="2020-10-16T17:10:27 BST" name="Default suite" finished-at="2020-10-16T17:10:51 BST" duration-ms="23895">
    <groups>
    </groups>
    <test started-at="2020-10-16T17:10:27 BST" name="Default test" finished-at="2020-10-16T17:10:51 BST" duration-ms="23895">
      <class name="myPackage.SmokeTest">
        <test-method signature="loginTest()[pri:0, instance:myPackage.SmokeTest@6f27a732]" started-at="2020-10-16T17:10:27 BST" name="loginTest" finished-at="2020-10-16T17:10:51 BST" duration-ms="23760" status="PASS">
          <reporter-output>
          </reporter-output>
        </test-method> <!-- loginTest -->
      </class> <!-- myPackage.SmokeTest -->
    </test> <!-- Default test -->
  </suite> <!-- Default suite -->
</testng-results>
